2025-05-21 16:38:50,235 INFO: Using C:\Storage\Lavinda\Work\iabg\pupillabs\pupilLabs\testDataset as recording file path.
2025-05-21 16:38:50,235 INFO: Using 2025-05-07-10-36-27_1 as recording number.
2025-05-21 16:38:50,235 INFO: Using C:\Storage\Lavinda\Work\iabg\pupillabs\pupilLabs\export as export path.
2025-05-21 16:38:50,354 INFO: Wrote C:\Storage\Lavinda\Work\iabg\pupillabs\pupilLabs\export\2025-05-07-10-36-27_1\csv\gaze.csv
2025-05-21 16:38:50,444 INFO: Wrote gaze in C:\Storage\Lavinda\Work\iabg\pupillabs\pupilLabs\export\2025-05-07-10-36-27_1\2025-05-07-10-36-27_1.hdf5
2025-05-21 16:38:50,472 INFO: Wrote blinks in C:\Storage\Lavinda\Work\iabg\pupillabs\pupilLabs\export\2025-05-07-10-36-27_1\2025-05-07-10-36-27_1.hdf5
2025-05-21 16:38:50,496 INFO: Wrote fixations in C:\Storage\Lavinda\Work\iabg\pupillabs\pupilLabs\export\2025-05-07-10-36-27_1\2025-05-07-10-36-27_1.hdf5
2025-05-21 16:38:50,521 INFO: Wrote saccades in C:\Storage\Lavinda\Work\iabg\pupillabs\pupilLabs\export\2025-05-07-10-36-27_1\2025-05-07-10-36-27_1.hdf5
2025-05-21 16:38:50,577 INFO: Wrote eyestates in C:\Storage\Lavinda\Work\iabg\pupillabs\pupilLabs\export\2025-05-07-10-36-27_1\2025-05-07-10-36-27_1.hdf5
2025-05-21 16:38:50,617 INFO: Wrote imu in C:\Storage\Lavinda\Work\iabg\pupillabs\pupilLabs\export\2025-05-07-10-36-27_1\2025-05-07-10-36-27_1.hdf5
2025-05-21 16:38:50,645 INFO: Wrote events in C:\Storage\Lavinda\Work\iabg\pupillabs\pupilLabs\export\2025-05-07-10-36-27_1\2025-05-07-10-36-27_1.hdf5
2025-05-21 16:41:52,195 INFO: Using C:\Storage\Lavinda\Work\iabg\pupillabs\pupilLabs\testDataset as recording file path.
2025-05-21 16:41:52,195 INFO: Using 2025-05-07-10-36-27_1 as recording number.
2025-05-21 16:41:52,195 INFO: Using C:\Storage\Lavinda\Work\iabg\pupillabs\pupilLabs\export as export path.
2025-05-21 16:41:52,214 INFO: Wrote C:\Storage\Lavinda\Work\iabg\pupillabs\pupilLabs\export\2025-05-07-10-36-27_1\csv\gaze.csv
2025-05-21 16:41:52,285 INFO: Wrote gaze in C:\Storage\Lavinda\Work\iabg\pupillabs\pupilLabs\export\2025-05-07-10-36-27_1\2025-05-07-10-36-27_1.hdf5
2025-05-21 16:41:52,307 INFO: Wrote blinks in C:\Storage\Lavinda\Work\iabg\pupillabs\pupilLabs\export\2025-05-07-10-36-27_1\2025-05-07-10-36-27_1.hdf5
2025-05-21 16:41:52,333 INFO: Wrote fixations in C:\Storage\Lavinda\Work\iabg\pupillabs\pupilLabs\export\2025-05-07-10-36-27_1\2025-05-07-10-36-27_1.hdf5
2025-05-21 16:41:52,359 INFO: Wrote saccades in C:\Storage\Lavinda\Work\iabg\pupillabs\pupilLabs\export\2025-05-07-10-36-27_1\2025-05-07-10-36-27_1.hdf5
2025-05-21 16:41:52,416 INFO: Wrote eyestates in C:\Storage\Lavinda\Work\iabg\pupillabs\pupilLabs\export\2025-05-07-10-36-27_1\2025-05-07-10-36-27_1.hdf5
2025-05-21 16:41:52,457 INFO: Wrote imu in C:\Storage\Lavinda\Work\iabg\pupillabs\pupilLabs\export\2025-05-07-10-36-27_1\2025-05-07-10-36-27_1.hdf5
2025-05-21 16:41:52,476 INFO: Wrote events in C:\Storage\Lavinda\Work\iabg\pupillabs\pupilLabs\export\2025-05-07-10-36-27_1\2025-05-07-10-36-27_1.hdf5
2025-05-26 12:00:45,283 INFO: Using C:\Storage\Lavinda\Work\iabg\pupillabs\pupilLabs\testDataset as recording file path.
2025-05-26 12:00:45,284 INFO: Using 2025-05-07-10-36-27_1 as recording number.
2025-05-26 12:00:45,284 INFO: Using C:\Storage\Lavinda\Work\iabg\pupillabs\pupilLabs\export as export path.
2025-05-26 12:00:45,460 INFO: Wrote C:\Storage\Lavinda\Work\iabg\pupillabs\pupilLabs\export\2025-05-07-10-36-27_1\csv\gaze.csv
2025-05-26 12:00:45,568 INFO: Wrote gaze in C:\Storage\Lavinda\Work\iabg\pupillabs\pupilLabs\export\2025-05-07-10-36-27_1\2025-05-07-10-36-27_1.hdf5
2025-05-26 12:00:45,598 INFO: Wrote blinks in C:\Storage\Lavinda\Work\iabg\pupillabs\pupilLabs\export\2025-05-07-10-36-27_1\2025-05-07-10-36-27_1.hdf5
2025-05-26 12:00:45,634 INFO: Wrote fixations in C:\Storage\Lavinda\Work\iabg\pupillabs\pupilLabs\export\2025-05-07-10-36-27_1\2025-05-07-10-36-27_1.hdf5
2025-05-26 12:00:45,667 INFO: Wrote saccades in C:\Storage\Lavinda\Work\iabg\pupillabs\pupilLabs\export\2025-05-07-10-36-27_1\2025-05-07-10-36-27_1.hdf5
2025-05-26 12:00:45,751 INFO: Wrote eyestates in C:\Storage\Lavinda\Work\iabg\pupillabs\pupilLabs\export\2025-05-07-10-36-27_1\2025-05-07-10-36-27_1.hdf5
2025-05-26 12:00:45,814 INFO: Wrote imu in C:\Storage\Lavinda\Work\iabg\pupillabs\pupilLabs\export\2025-05-07-10-36-27_1\2025-05-07-10-36-27_1.hdf5
2025-05-26 12:00:45,860 INFO: Wrote events in C:\Storage\Lavinda\Work\iabg\pupillabs\pupilLabs\export\2025-05-07-10-36-27_1\2025-05-07-10-36-27_1.hdf5
