This is pdfTeX, Version 3.141592653-2.6-1.40.26 (MiKTeX 24.4) (preloaded format=pdflatex 2024.11.28)  26 MAY 2025 13:47
entering extended mode
 restricted \write18 enabled.
 %&-line parsing enabled.
**./runfile_8py.tex
(runfile_8py.tex
LaTeX2e <2024-11-01>
L3 programming layer <2024-11-02>
! Undefined control sequence.
l.1 \doxysection
                {runfile.\+py File Reference}
The control sequence at the end of the top line
of your error message was never \def'ed. If you have
misspelled it (e.g., `\hobx'), type `I' and the correct
spelling (e.g., `I\hbox'). Otherwise just continue,
and I'll forget about whatever was undefined.


! LaTeX Error: Missing \begin{document}.

See the LaTeX manual or LaTeX Companion for explanation.
Type  H <return>  for immediate help.
 ...                                              
                                                  
l.1 \doxysection{r
                  unfile.\+py File Reference}
You're in trouble here.  Try typing  <return>  to proceed.
If that doesn't work, type  X <return>  to quit.

Missing character: There is no r in font nullfont!
Missing character: There is no u in font nullfont!
Missing character: There is no n in font nullfont!
Missing character: There is no f in font nullfont!
Missing character: There is no i in font nullfont!
Missing character: There is no l in font nullfont!
Missing character: There is no e in font nullfont!
Missing character: There is no . in font nullfont!
! Undefined control sequence.
l.1 \doxysection{runfile.\+
                           py File Reference}
The control sequence at the end of the top line
of your error message was never \def'ed. If you have
misspelled it (e.g., `\hobx'), type `I' and the correct
spelling (e.g., `I\hbox'). Otherwise just continue,
and I'll forget about whatever was undefined.

Missing character: There is no p in font nullfont!
Missing character: There is no y in font nullfont!
Missing character: There is no F in font nullfont!
Missing character: There is no i in font nullfont!
Missing character: There is no l in font nullfont!
Missing character: There is no e in font nullfont!
Missing character: There is no R in font nullfont!
Missing character: There is no e in font nullfont!
Missing character: There is no f in font nullfont!
Missing character: There is no e in font nullfont!
Missing character: There is no r in font nullfont!
Missing character: There is no e in font nullfont!
Missing character: There is no n in font nullfont!
Missing character: There is no c in font nullfont!
Missing character: There is no e in font nullfont!
! Undefined control sequence.
l.2 \hypertarget
                {runfile_8py}{}\label{runfile_8py}\index{runfile.py@{runfile...
The control sequence at the end of the top line
of your error message was never \def'ed. If you have
misspelled it (e.g., `\hobx'), type `I' and the correct
spelling (e.g., `I\hbox'). Otherwise just continue,
and I'll forget about whatever was undefined.

Missing character: There is no r in font nullfont!
Missing character: There is no u in font nullfont!
Missing character: There is no n in font nullfont!
Missing character: There is no f in font nullfont!
Missing character: There is no i in font nullfont!
Missing character: There is no l in font nullfont!
Missing character: There is no e in font nullfont!
! Missing $ inserted.
<inserted text> 
                $
l.2 \hypertarget{runfile_
                         8py}{}\label{runfile_8py}\index{runfile.py@{runfile...
I've inserted a begin-math/end-math symbol since I think
you left one out. Proceed, with fingers crossed.

LaTeX Font Info:    External font `cmex10' loaded for size
(Font)              <7> on input line 2.
LaTeX Font Info:    External font `cmex10' loaded for size
(Font)              <5> on input line 2.
! Extra }, or forgotten $.
l.2 \hypertarget{runfile_8py}
                             {}\label{runfile_8py}\index{runfile.py@{runfile...
I've deleted a group-closing symbol because it seems to be
spurious, as in `$x}$'. But perhaps the } is legitimate and
you forgot something else, as in `\hbox{$x}'. In such cases
the way to recover is to insert both the forgotten and the
deleted material, e.g., by typing `I$}'.

! Undefined control sequence.
l.3 \doxysubsubsection
                      *{Namespaces}
The control sequence at the end of the top line
of your error message was never \def'ed. If you have
misspelled it (e.g., `\hobx'), type `I' and the correct
spelling (e.g., `I\hbox'). Otherwise just continue,
and I'll forget about whatever was undefined.


! LaTeX Error: Environment DoxyCompactItemize undefined.

See the LaTeX manual or LaTeX Companion for explanation.
Type  H <return>  for immediate help.
 ...                                              
                                                  
l.4 \begin{DoxyCompactItemize}
                              
Your command was ignored.
Type  I <command> <return>  to replace it with another command,
or  <return>  to continue without it.


! LaTeX Error: Command \item invalid in math mode.

See the LaTeX manual or LaTeX Companion for explanation.
Type  H <return>  for immediate help.
 ...                                              
                                                  
l.5 \item
         
Try typing  <return>  to proceed.
If that doesn't work, type  X <return>  to quit.

! Missing $ inserted.
<inserted text> 
                $
l.6 n
     amespace \mbox{\hyperlink{namespacerunfile}{runfile}}
I've inserted a begin-math/end-math symbol since I think
you left one out. Proceed, with fingers crossed.

! Missing \endgroup inserted.
<inserted text> 
                \endgroup 
l.6 n
     amespace \mbox{\hyperlink{namespacerunfile}{runfile}}
I've inserted something that you may have forgotten.
(See the <inserted text> above.)
With luck, this will get me unwedged. But if you
really didn't forget anything, try typing `2' now; then
my insertion and my current dilemma will both disappear.


Overfull \hbox (20.0pt too wide) in paragraph at lines 1--6
[]
 []


Overfull \hbox (19.77899pt too wide) in paragraph at lines 1--6
[]\OML/cmm/m/it/10 py[][] \OMS/cmsy/m/n/10 ^^C
 []


Overfull \hbox (56.52322pt too wide) in paragraph at lines 1--6
[]
 []


! LaTeX Error: Lonely \item--perhaps a missing list environment.

See the LaTeX manual or LaTeX Companion for explanation.
Type  H <return>  for immediate help.
 ...                                              
                                                  
l.6 n
     amespace \mbox{\hyperlink{namespacerunfile}{runfile}}
Try typing  <return>  to proceed.
If that doesn't work, type  X <return>  to quit.

Missing character: There is no n in font nullfont!
Missing character: There is no a in font nullfont!
Missing character: There is no m in font nullfont!
Missing character: There is no e in font nullfont!
Missing character: There is no s in font nullfont!
Missing character: There is no p in font nullfont!
Missing character: There is no a in font nullfont!
Missing character: There is no c in font nullfont!
Missing character: There is no e in font nullfont!
! Undefined control sequence.
<argument> \hyperlink 
                      {namespacerunfile}{runfile}
l.6 ...mbox{\hyperlink{namespacerunfile}{runfile}}
                                                  
The control sequence at the end of the top line
of your error message was never \def'ed. If you have
misspelled it (e.g., `\hobx'), type `I' and the correct
spelling (e.g., `I\hbox'). Otherwise just continue,
and I'll forget about whatever was undefined.

Missing character: There is no n in font nullfont!
Missing character: There is no a in font nullfont!
Missing character: There is no m in font nullfont!
Missing character: There is no e in font nullfont!
Missing character: There is no s in font nullfont!
Missing character: There is no p in font nullfont!
Missing character: There is no a in font nullfont!
Missing character: There is no c in font nullfont!
Missing character: There is no e in font nullfont!
Missing character: There is no r in font nullfont!
Missing character: There is no u in font nullfont!
Missing character: There is no n in font nullfont!
Missing character: There is no f in font nullfont!
Missing character: There is no i in font nullfont!
Missing character: There is no l in font nullfont!
Missing character: There is no e in font nullfont!
Missing character: There is no r in font nullfont!
Missing character: There is no u in font nullfont!
Missing character: There is no n in font nullfont!
Missing character: There is no f in font nullfont!
Missing character: There is no i in font nullfont!
Missing character: There is no l in font nullfont!
Missing character: There is no e in font nullfont!

! LaTeX Error: \begin{document} ended by \end{DoxyCompactItemize}.

See the LaTeX manual or LaTeX Companion for explanation.
Type  H <return>  for immediate help.
 ...                                              
                                                  
l.7 \end{DoxyCompactItemize}
                            
Your command was ignored.
Type  I <command> <return>  to replace it with another command,
or  <return>  to continue without it.

! Missing } inserted.
<inserted text> 
                }
l.7 \end{DoxyCompactItemize}
                            
I've inserted something that you may have forgotten.
(See the <inserted text> above.)
With luck, this will get me unwedged. But if you
really didn't forget anything, try typing `2' now; then
my insertion and my current dilemma will both disappear.

! Extra \endgroup.
<recently read> \endgroup 
                          
l.7 \end{DoxyCompactItemize}
                            
Things are pretty mixed up, but I think the worst is over.

! Undefined control sequence.
l.8 \doxysubsubsection
                      *{Variables}
The control sequence at the end of the top line
of your error message was never \def'ed. If you have
misspelled it (e.g., `\hobx'), type `I' and the correct
spelling (e.g., `I\hbox'). Otherwise just continue,
and I'll forget about whatever was undefined.

Missing character: There is no * in font nullfont!
Missing character: There is no V in font nullfont!
Missing character: There is no a in font nullfont!
Missing character: There is no r in font nullfont!
Missing character: There is no i in font nullfont!
Missing character: There is no a in font nullfont!
Missing character: There is no b in font nullfont!
Missing character: There is no l in font nullfont!
Missing character: There is no e in font nullfont!
Missing character: There is no s in font nullfont!

! LaTeX Error: Environment DoxyCompactItemize undefined.

See the LaTeX manual or LaTeX Companion for explanation.
Type  H <return>  for immediate help.
 ...                                              
                                                  
l.9 \begin{DoxyCompactItemize}
                              
Your command was ignored.
Type  I <command> <return>  to replace it with another command,
or  <return>  to continue without it.


! LaTeX Error: Lonely \item--perhaps a missing list environment.

See the LaTeX manual or LaTeX Companion for explanation.
Type  H <return>  for immediate help.
 ...                                              
                                                  
l.11 s
      tr \mbox{\hyperlink{namespacerunfile_ae4e027a5ab02d9b3234861e0f5a5a5ea...

Try typing  <return>  to proceed.
If that doesn't work, type  X <return>  to quit.

Missing character: There is no s in font nullfont!
Missing character: There is no t in font nullfont!
Missing character: There is no r in font nullfont!
! Undefined control sequence.
<argument> \hyperlink 
                      {namespacerunfile_ae4e027a5ab02d9b3234861e0f5a5a5ea}{r...
l.11 ...0f5a5a5ea}{runfile.\+recording\+\_\+file}}
                                                   = r\textquotesingle{}C\+:...
The control sequence at the end of the top line
of your error message was never \def'ed. If you have
misspelled it (e.g., `\hobx'), type `I' and the correct
spelling (e.g., `I\hbox'). Otherwise just continue,
and I'll forget about whatever was undefined.

Missing character: There is no n in font nullfont!
Missing character: There is no a in font nullfont!
Missing character: There is no m in font nullfont!
Missing character: There is no e in font nullfont!
Missing character: There is no s in font nullfont!
Missing character: There is no p in font nullfont!
Missing character: There is no a in font nullfont!
Missing character: There is no c in font nullfont!
Missing character: There is no e in font nullfont!
Missing character: There is no r in font nullfont!
Missing character: There is no u in font nullfont!
Missing character: There is no n in font nullfont!
Missing character: There is no f in font nullfont!
Missing character: There is no i in font nullfont!
Missing character: There is no l in font nullfont!
Missing character: There is no e in font nullfont!
! Missing $ inserted.
<inserted text> 
                $
l.11 ...0f5a5a5ea}{runfile.\+recording\+\_\+file}}
                                                   = r\textquotesingle{}C\+:...
I've inserted a begin-math/end-math symbol since I think
you left one out. Proceed, with fingers crossed.

! Extra }, or forgotten $.
<argument> ...e_ae4e027a5ab02d9b3234861e0f5a5a5ea}
                                                  {runfile.\+recording\+\_\+...
l.11 ...0f5a5a5ea}{runfile.\+recording\+\_\+file}}
                                                   = r\textquotesingle{}C\+:...
I've deleted a group-closing symbol because it seems to be
spurious, as in `$x}$'. But perhaps the } is legitimate and
you forgot something else, as in `\hbox{$x}'. In such cases
the way to recover is to insert both the forgotten and the
deleted material, e.g., by typing `I$}'.

! Undefined control sequence.
<argument> ...ab02d9b3234861e0f5a5a5ea}{runfile.\+
                                                  recording\+\_\+file}
l.11 ...0f5a5a5ea}{runfile.\+recording\+\_\+file}}
                                                   = r\textquotesingle{}C\+:...
The control sequence at the end of the top line
of your error message was never \def'ed. If you have
misspelled it (e.g., `\hobx'), type `I' and the correct
spelling (e.g., `I\hbox'). Otherwise just continue,
and I'll forget about whatever was undefined.

! Undefined control sequence.
<argument> ...861e0f5a5a5ea}{runfile.\+recording\+
                                                  \_\+file}
l.11 ...0f5a5a5ea}{runfile.\+recording\+\_\+file}}
                                                   = r\textquotesingle{}C\+:...
The control sequence at the end of the top line
of your error message was never \def'ed. If you have
misspelled it (e.g., `\hobx'), type `I' and the correct
spelling (e.g., `I\hbox'). Otherwise just continue,
and I'll forget about whatever was undefined.

! Undefined control sequence.
<argument> ...0f5a5a5ea}{runfile.\+recording\+\_\+
                                                  file}
l.11 ...0f5a5a5ea}{runfile.\+recording\+\_\+file}}
                                                   = r\textquotesingle{}C\+:...
The control sequence at the end of the top line
of your error message was never \def'ed. If you have
misspelled it (e.g., `\hobx'), type `I' and the correct
spelling (e.g., `I\hbox'). Otherwise just continue,
and I'll forget about whatever was undefined.

! Extra }, or forgotten $.
\mbox  #1->\leavevmode \hbox {#1}
                                 
l.11 ...0f5a5a5ea}{runfile.\+recording\+\_\+file}}
                                                   = r\textquotesingle{}C\+:...
I've deleted a group-closing symbol because it seems to be
spurious, as in `$x}$'. But perhaps the } is legitimate and
you forgot something else, as in `\hbox{$x}'. In such cases
the way to recover is to insert both the forgotten and the
deleted material, e.g., by typing `I$}'.


LaTeX Warning: Command \textquotesingle invalid in math mode on input line 11.


LaTeX Warning: Command \textquotesingle invalid in math mode on input line 11.

! Undefined control sequence.
l.11 ...rding\+\_\+file}} = r\textquotesingle{}C\+
                                                  :\textbackslash{}\+Storage...
The control sequence at the end of the top line
of your error message was never \def'ed. If you have
misspelled it (e.g., `\hobx'), type `I' and the correct
spelling (e.g., `I\hbox'). Otherwise just continue,
and I'll forget about whatever was undefined.


LaTeX Warning: Command \textbackslash invalid in math mode on input line 11.

LaTeX Font Info:    Trying to load font information for OMS+cmr on input line 1
1.
(C:\Users\Lavin\AppData\Local\Programs\MiKTeX\tex/latex/base\omscmr.fd
File: omscmr.fd 2023/04/13 v2.5m Standard LaTeX font definitions
)
LaTeX Font Info:    Font shape `OMS/cmr/m/n' in size <10> not available
(Font)              Font shape `OMS/cmsy/m/n' tried instead on input line 11.


LaTeX Warning: Command \textbackslash invalid in math mode on input line 11.

! Undefined control sequence.
l.11 ... r\textquotesingle{}C\+:\textbackslash{}\+
                                                  Storage\textbackslash{}\+L...
The control sequence at the end of the top line
of your error message was never \def'ed. If you have
misspelled it (e.g., `\hobx'), type `I' and the correct
spelling (e.g., `I\hbox'). Otherwise just continue,
and I'll forget about whatever was undefined.


LaTeX Warning: Command \textbackslash invalid in math mode on input line 11.


LaTeX Warning: Command \textbackslash invalid in math mode on input line 11.

! Undefined control sequence.
l.11 ...textbackslash{}\+Storage\textbackslash{}\+
                                                  Lavinda\textbackslash{}\+W...
The control sequence at the end of the top line
of your error message was never \def'ed. If you have
misspelled it (e.g., `\hobx'), type `I' and the correct
spelling (e.g., `I\hbox'). Otherwise just continue,
and I'll forget about whatever was undefined.


LaTeX Warning: Command \textbackslash invalid in math mode on input line 11.


LaTeX Warning: Command \textbackslash invalid in math mode on input line 11.

! Undefined control sequence.
l.11 ...textbackslash{}\+Lavinda\textbackslash{}\+
                                                  Work\textbackslash{}iabg\t...
The control sequence at the end of the top line
of your error message was never \def'ed. If you have
misspelled it (e.g., `\hobx'), type `I' and the correct
spelling (e.g., `I\hbox'). Otherwise just continue,
and I'll forget about whatever was undefined.


LaTeX Warning: Command \textbackslash invalid in math mode on input line 11.


LaTeX Warning: Command \textbackslash invalid in math mode on input line 11.


LaTeX Warning: Command \textbackslash invalid in math mode on input line 11.


LaTeX Warning: Command \textbackslash invalid in math mode on input line 11.


LaTeX Warning: Command \textbackslash invalid in math mode on input line 11.


LaTeX Warning: Command \textbackslash invalid in math mode on input line 11.

! Undefined control sequence.
l.11 ...ackslash{}pupillabs\textbackslash{}pupil\+
                                                  Labs\textbackslash{}test\+...
The control sequence at the end of the top line
of your error message was never \def'ed. If you have
misspelled it (e.g., `\hobx'), type `I' and the correct
spelling (e.g., `I\hbox'). Otherwise just continue,
and I'll forget about whatever was undefined.


LaTeX Warning: Command \textbackslash invalid in math mode on input line 11.


LaTeX Warning: Command \textbackslash invalid in math mode on input line 11.

! Undefined control sequence.
l.11 ...ckslash{}pupil\+Labs\textbackslash{}test\+
                                                  Dataset\textquotesingle{}
The control sequence at the end of the top line
of your error message was never \def'ed. If you have
misspelled it (e.g., `\hobx'), type `I' and the correct
spelling (e.g., `I\hbox'). Otherwise just continue,
and I'll forget about whatever was undefined.


LaTeX Warning: Command \textquotesingle invalid in math mode on input line 11.


LaTeX Warning: Command \textquotesingle invalid in math mode on input line 11.


! LaTeX Error: Command \item invalid in math mode.

See the LaTeX manual or LaTeX Companion for explanation.
Type  H <return>  for immediate help.
 ...                                              
                                                  
l.12 \item
          
Try typing  <return>  to proceed.
If that doesn't work, type  X <return>  to quit.

! Missing $ inserted.
<inserted text> 
                $
l.13 s
      tr \mbox{\hyperlink{namespacerunfile_a5d8d8fc039fb11169da05d950d74b791...
I've inserted a begin-math/end-math symbol since I think
you left one out. Proceed, with fingers crossed.

! Missing } inserted.
<inserted text> 
                }
l.13 s
      tr \mbox{\hyperlink{namespacerunfile_a5d8d8fc039fb11169da05d950d74b791...
I've inserted something that you may have forgotten.
(See the <inserted text> above.)
With luck, this will get me unwedged. But if you
really didn't forget anything, try typing `2' now; then
my insertion and my current dilemma will both disappear.

! Missing } inserted.
<inserted text> 
                }
l.13 s
      tr \mbox{\hyperlink{namespacerunfile_a5d8d8fc039fb11169da05d950d74b791...
I've inserted something that you may have forgotten.
(See the <inserted text> above.)
With luck, this will get me unwedged. But if you
really didn't forget anything, try typing `2' now; then
my insertion and my current dilemma will both disappear.


Overfull \hbox (595.59863pt too wide) in paragraph at lines 11--13
[] 
 []


! LaTeX Error: Lonely \item--perhaps a missing list environment.

See the LaTeX manual or LaTeX Companion for explanation.
Type  H <return>  for immediate help.
 ...                                              
                                                  
l.13 s
      tr \mbox{\hyperlink{namespacerunfile_a5d8d8fc039fb11169da05d950d74b791...

Try typing  <return>  to proceed.
If that doesn't work, type  X <return>  to quit.

Missing character: There is no s in font nullfont!
Missing character: There is no t in font nullfont!
Missing character: There is no r in font nullfont!
! Undefined control sequence.
<argument> \hyperlink 
                      {namespacerunfile_a5d8d8fc039fb11169da05d950d74b791}{r...
l.13 ...d74b791}{runfile.\+recording\+\_\+number}}
                                                   = r\textquotesingle{}2025...
The control sequence at the end of the top line
of your error message was never \def'ed. If you have
misspelled it (e.g., `\hobx'), type `I' and the correct
spelling (e.g., `I\hbox'). Otherwise just continue,
and I'll forget about whatever was undefined.

Missing character: There is no n in font nullfont!
Missing character: There is no a in font nullfont!
Missing character: There is no m in font nullfont!
Missing character: There is no e in font nullfont!
Missing character: There is no s in font nullfont!
Missing character: There is no p in font nullfont!
Missing character: There is no a in font nullfont!
Missing character: There is no c in font nullfont!
Missing character: There is no e in font nullfont!
Missing character: There is no r in font nullfont!
Missing character: There is no u in font nullfont!
Missing character: There is no n in font nullfont!
Missing character: There is no f in font nullfont!
Missing character: There is no i in font nullfont!
Missing character: There is no l in font nullfont!
Missing character: There is no e in font nullfont!
! Missing $ inserted.
<inserted text> 
                $
l.13 ...d74b791}{runfile.\+recording\+\_\+number}}
                                                   = r\textquotesingle{}2025...
I've inserted a begin-math/end-math symbol since I think
you left one out. Proceed, with fingers crossed.

! Extra }, or forgotten $.
<argument> ...e_a5d8d8fc039fb11169da05d950d74b791}
                                                  {runfile.\+recording\+\_\+...
l.13 ...d74b791}{runfile.\+recording\+\_\+number}}
                                                   = r\textquotesingle{}2025...
I've deleted a group-closing symbol because it seems to be
spurious, as in `$x}$'. But perhaps the } is legitimate and
you forgot something else, as in `\hbox{$x}'. In such cases
the way to recover is to insert both the forgotten and the
deleted material, e.g., by typing `I$}'.

! Undefined control sequence.
<argument> ...39fb11169da05d950d74b791}{runfile.\+
                                                  recording\+\_\+number}
l.13 ...d74b791}{runfile.\+recording\+\_\+number}}
                                                   = r\textquotesingle{}2025...
The control sequence at the end of the top line
of your error message was never \def'ed. If you have
misspelled it (e.g., `\hobx'), type `I' and the correct
spelling (e.g., `I\hbox'). Otherwise just continue,
and I'll forget about whatever was undefined.

! Undefined control sequence.
<argument> ...05d950d74b791}{runfile.\+recording\+
                                                  \_\+number}
l.13 ...d74b791}{runfile.\+recording\+\_\+number}}
                                                   = r\textquotesingle{}2025...
The control sequence at the end of the top line
of your error message was never \def'ed. If you have
misspelled it (e.g., `\hobx'), type `I' and the correct
spelling (e.g., `I\hbox'). Otherwise just continue,
and I'll forget about whatever was undefined.

! Undefined control sequence.
<argument> ...50d74b791}{runfile.\+recording\+\_\+
                                                  number}
l.13 ...d74b791}{runfile.\+recording\+\_\+number}}
                                                   = r\textquotesingle{}2025...
The control sequence at the end of the top line
of your error message was never \def'ed. If you have
misspelled it (e.g., `\hobx'), type `I' and the correct
spelling (e.g., `I\hbox'). Otherwise just continue,
and I'll forget about whatever was undefined.

! Extra }, or forgotten $.
\mbox  #1->\leavevmode \hbox {#1}
                                 
l.13 ...d74b791}{runfile.\+recording\+\_\+number}}
                                                   = r\textquotesingle{}2025...
I've deleted a group-closing symbol because it seems to be
spurious, as in `$x}$'. But perhaps the } is legitimate and
you forgot something else, as in `\hbox{$x}'. In such cases
the way to recover is to insert both the forgotten and the
deleted material, e.g., by typing `I$}'.


LaTeX Warning: Command \textquotesingle invalid in math mode on input line 13.


LaTeX Warning: Command \textquotesingle invalid in math mode on input line 13.

! Undefined control sequence.
l.13 ...otesingle{}2025-\/05-\/07-\/10-\/36-\/27\+
                                                  \_\+1\textquotesingle{}
The control sequence at the end of the top line
of your error message was never \def'ed. If you have
misspelled it (e.g., `\hobx'), type `I' and the correct
spelling (e.g., `I\hbox'). Otherwise just continue,
and I'll forget about whatever was undefined.

! Undefined control sequence.
l.13 ...ingle{}2025-\/05-\/07-\/10-\/36-\/27\+\_\+
                                                  1\textquotesingle{}
The control sequence at the end of the top line
of your error message was never \def'ed. If you have
misspelled it (e.g., `\hobx'), type `I' and the correct
spelling (e.g., `I\hbox'). Otherwise just continue,
and I'll forget about whatever was undefined.


LaTeX Warning: Command \textquotesingle invalid in math mode on input line 13.


LaTeX Warning: Command \textquotesingle invalid in math mode on input line 13.


! LaTeX Error: Command \item invalid in math mode.

See the LaTeX manual or LaTeX Companion for explanation.
Type  H <return>  for immediate help.
 ...                                              
                                                  
l.14 \item
          
Try typing  <return>  to proceed.
If that doesn't work, type  X <return>  to quit.

! Missing $ inserted.
<inserted text> 
                $
l.15 s
      tr \mbox{\hyperlink{namespacerunfile_a40a8ac33fc71084ef33c5f00b503c1e8...
I've inserted a begin-math/end-math symbol since I think
you left one out. Proceed, with fingers crossed.

! Missing } inserted.
<inserted text> 
                }
l.15 s
      tr \mbox{\hyperlink{namespacerunfile_a40a8ac33fc71084ef33c5f00b503c1e8...
I've inserted something that you may have forgotten.
(See the <inserted text> above.)
With luck, this will get me unwedged. But if you
really didn't forget anything, try typing `2' now; then
my insertion and my current dilemma will both disappear.

! Missing } inserted.
<inserted text> 
                }
l.15 s
      tr \mbox{\hyperlink{namespacerunfile_a40a8ac33fc71084ef33c5f00b503c1e8...
I've inserted something that you may have forgotten.
(See the <inserted text> above.)
With luck, this will get me unwedged. But if you
really didn't forget anything, try typing `2' now; then
my insertion and my current dilemma will both disappear.


Overfull \hbox (439.83145pt too wide) in paragraph at lines 13--15
[] 
 []


! LaTeX Error: Lonely \item--perhaps a missing list environment.

See the LaTeX manual or LaTeX Companion for explanation.
Type  H <return>  for immediate help.
 ...                                              
                                                  
l.15 s
      tr \mbox{\hyperlink{namespacerunfile_a40a8ac33fc71084ef33c5f00b503c1e8...

Try typing  <return>  to proceed.
If that doesn't work, type  X <return>  to quit.

Missing character: There is no s in font nullfont!
Missing character: There is no t in font nullfont!
Missing character: There is no r in font nullfont!
! Undefined control sequence.
<argument> \hyperlink 
                      {namespacerunfile_a40a8ac33fc71084ef33c5f00b503c1e8}{r...
l.15 ...5f00b503c1e8}{runfile.\+export\+\_\+path}}
                                                   = r\textquotesingle{}C\+:...
The control sequence at the end of the top line
of your error message was never \def'ed. If you have
misspelled it (e.g., `\hobx'), type `I' and the correct
spelling (e.g., `I\hbox'). Otherwise just continue,
and I'll forget about whatever was undefined.

Missing character: There is no n in font nullfont!
Missing character: There is no a in font nullfont!
Missing character: There is no m in font nullfont!
Missing character: There is no e in font nullfont!
Missing character: There is no s in font nullfont!
Missing character: There is no p in font nullfont!
Missing character: There is no a in font nullfont!
Missing character: There is no c in font nullfont!
Missing character: There is no e in font nullfont!
Missing character: There is no r in font nullfont!
Missing character: There is no u in font nullfont!
Missing character: There is no n in font nullfont!
Missing character: There is no f in font nullfont!
Missing character: There is no i in font nullfont!
Missing character: There is no l in font nullfont!
Missing character: There is no e in font nullfont!
! Missing $ inserted.
<inserted text> 
                $
l.15 ...5f00b503c1e8}{runfile.\+export\+\_\+path}}
                                                   = r\textquotesingle{}C\+:...
I've inserted a begin-math/end-math symbol since I think
you left one out. Proceed, with fingers crossed.

! Extra }, or forgotten $.
<argument> ...e_a40a8ac33fc71084ef33c5f00b503c1e8}
                                                  {runfile.\+export\+\_\+path}
l.15 ...5f00b503c1e8}{runfile.\+export\+\_\+path}}
                                                   = r\textquotesingle{}C\+:...
I've deleted a group-closing symbol because it seems to be
spurious, as in `$x}$'. But perhaps the } is legitimate and
you forgot something else, as in `\hbox{$x}'. In such cases
the way to recover is to insert both the forgotten and the
deleted material, e.g., by typing `I$}'.

! Undefined control sequence.
<argument> ...fc71084ef33c5f00b503c1e8}{runfile.\+
                                                  export\+\_\+path}
l.15 ...5f00b503c1e8}{runfile.\+export\+\_\+path}}
                                                   = r\textquotesingle{}C\+:...
The control sequence at the end of the top line
of your error message was never \def'ed. If you have
misspelled it (e.g., `\hobx'), type `I' and the correct
spelling (e.g., `I\hbox'). Otherwise just continue,
and I'll forget about whatever was undefined.

! Undefined control sequence.
<argument> ...f33c5f00b503c1e8}{runfile.\+export\+
                                                  \_\+path}
l.15 ...5f00b503c1e8}{runfile.\+export\+\_\+path}}
                                                   = r\textquotesingle{}C\+:...
The control sequence at the end of the top line
of your error message was never \def'ed. If you have
misspelled it (e.g., `\hobx'), type `I' and the correct
spelling (e.g., `I\hbox'). Otherwise just continue,
and I'll forget about whatever was undefined.

! Undefined control sequence.
<argument> ...5f00b503c1e8}{runfile.\+export\+\_\+
                                                  path}
l.15 ...5f00b503c1e8}{runfile.\+export\+\_\+path}}
                                                   = r\textquotesingle{}C\+:...
The control sequence at the end of the top line
of your error message was never \def'ed. If you have
misspelled it (e.g., `\hobx'), type `I' and the correct
spelling (e.g., `I\hbox'). Otherwise just continue,
and I'll forget about whatever was undefined.

! Extra }, or forgotten $.
\mbox  #1->\leavevmode \hbox {#1}
                                 
l.15 ...5f00b503c1e8}{runfile.\+export\+\_\+path}}
                                                   = r\textquotesingle{}C\+:...
I've deleted a group-closing symbol because it seems to be
spurious, as in `$x}$'. But perhaps the } is legitimate and
you forgot something else, as in `\hbox{$x}'. In such cases
the way to recover is to insert both the forgotten and the
deleted material, e.g., by typing `I$}'.


LaTeX Warning: Command \textquotesingle invalid in math mode on input line 15.


LaTeX Warning: Command \textquotesingle invalid in math mode on input line 15.

! Undefined control sequence.
l.15 ...xport\+\_\+path}} = r\textquotesingle{}C\+
                                                  :\textbackslash{}\+Storage...
The control sequence at the end of the top line
of your error message was never \def'ed. If you have
misspelled it (e.g., `\hobx'), type `I' and the correct
spelling (e.g., `I\hbox'). Otherwise just continue,
and I'll forget about whatever was undefined.


LaTeX Warning: Command \textbackslash invalid in math mode on input line 15.


LaTeX Warning: Command \textbackslash invalid in math mode on input line 15.

! Undefined control sequence.
l.15 ... r\textquotesingle{}C\+:\textbackslash{}\+
                                                  Storage\textbackslash{}\+L...
The control sequence at the end of the top line
of your error message was never \def'ed. If you have
misspelled it (e.g., `\hobx'), type `I' and the correct
spelling (e.g., `I\hbox'). Otherwise just continue,
and I'll forget about whatever was undefined.


LaTeX Warning: Command \textbackslash invalid in math mode on input line 15.


LaTeX Warning: Command \textbackslash invalid in math mode on input line 15.

! Undefined control sequence.
l.15 ...textbackslash{}\+Storage\textbackslash{}\+
                                                  Lavinda\textbackslash{}\+W...
The control sequence at the end of the top line
of your error message was never \def'ed. If you have
misspelled it (e.g., `\hobx'), type `I' and the correct
spelling (e.g., `I\hbox'). Otherwise just continue,
and I'll forget about whatever was undefined.


LaTeX Warning: Command \textbackslash invalid in math mode on input line 15.


LaTeX Warning: Command \textbackslash invalid in math mode on input line 15.

! Undefined control sequence.
l.15 ...textbackslash{}\+Lavinda\textbackslash{}\+
                                                  Work\textbackslash{}iabg\t...
The control sequence at the end of the top line
of your error message was never \def'ed. If you have
misspelled it (e.g., `\hobx'), type `I' and the correct
spelling (e.g., `I\hbox'). Otherwise just continue,
and I'll forget about whatever was undefined.


LaTeX Warning: Command \textbackslash invalid in math mode on input line 15.


LaTeX Warning: Command \textbackslash invalid in math mode on input line 15.


LaTeX Warning: Command \textbackslash invalid in math mode on input line 15.


LaTeX Warning: Command \textbackslash invalid in math mode on input line 15.


LaTeX Warning: Command \textbackslash invalid in math mode on input line 15.


LaTeX Warning: Command \textbackslash invalid in math mode on input line 15.

! Undefined control sequence.
l.15 ...ackslash{}pupillabs\textbackslash{}pupil\+
                                                  Labs\textbackslash{}export...
The control sequence at the end of the top line
of your error message was never \def'ed. If you have
misspelled it (e.g., `\hobx'), type `I' and the correct
spelling (e.g., `I\hbox'). Otherwise just continue,
and I'll forget about whatever was undefined.


LaTeX Warning: Command \textbackslash invalid in math mode on input line 15.


LaTeX Warning: Command \textbackslash invalid in math mode on input line 15.


LaTeX Warning: Command \textquotesingle invalid in math mode on input line 15.


LaTeX Warning: Command \textquotesingle invalid in math mode on input line 15.


! LaTeX Error: Command \item invalid in math mode.

See the LaTeX manual or LaTeX Companion for explanation.
Type  H <return>  for immediate help.
 ...                                              
                                                  
l.16 \item
          
Try typing  <return>  to proceed.
If that doesn't work, type  X <return>  to quit.

! Missing $ inserted.
<inserted text> 
                $
l.17 \mbox
          {\hyperlink{namespacerunfile_a55fd13ee01da08be340c755195b803e6}{ru...
I've inserted a begin-math/end-math symbol since I think
you left one out. Proceed, with fingers crossed.

! Missing } inserted.
<inserted text> 
                }
l.17 \mbox
          {\hyperlink{namespacerunfile_a55fd13ee01da08be340c755195b803e6}{ru...
I've inserted something that you may have forgotten.
(See the <inserted text> above.)
With luck, this will get me unwedged. But if you
really didn't forget anything, try typing `2' now; then
my insertion and my current dilemma will both disappear.

! Missing } inserted.
<inserted text> 
                }
l.17 \mbox
          {\hyperlink{namespacerunfile_a55fd13ee01da08be340c755195b803e6}{ru...
I've inserted something that you may have forgotten.
(See the <inserted text> above.)
With luck, this will get me unwedged. But if you
really didn't forget anything, try typing `2' now; then
my insertion and my current dilemma will both disappear.


Overfull \hbox (559.47198pt too wide) in paragraph at lines 15--17
[] 
 []


! LaTeX Error: Lonely \item--perhaps a missing list environment.

See the LaTeX manual or LaTeX Companion for explanation.
Type  H <return>  for immediate help.
 ...                                              
                                                  
l.17 \mbox
          {\hyperlink{namespacerunfile_a55fd13ee01da08be340c755195b803e6}{ru...

Try typing  <return>  to proceed.
If that doesn't work, type  X <return>  to quit.

! Undefined control sequence.
<argument> \hyperlink 
                      {namespacerunfile_a55fd13ee01da08be340c755195b803e6}{r...
l.17 ...e01da08be340c755195b803e6}{runfile.\+csv}}
                                                  
The control sequence at the end of the top line
of your error message was never \def'ed. If you have
misspelled it (e.g., `\hobx'), type `I' and the correct
spelling (e.g., `I\hbox'). Otherwise just continue,
and I'll forget about whatever was undefined.

Missing character: There is no n in font nullfont!
Missing character: There is no a in font nullfont!
Missing character: There is no m in font nullfont!
Missing character: There is no e in font nullfont!
Missing character: There is no s in font nullfont!
Missing character: There is no p in font nullfont!
Missing character: There is no a in font nullfont!
Missing character: There is no c in font nullfont!
Missing character: There is no e in font nullfont!
Missing character: There is no r in font nullfont!
Missing character: There is no u in font nullfont!
Missing character: There is no n in font nullfont!
Missing character: There is no f in font nullfont!
Missing character: There is no i in font nullfont!
Missing character: There is no l in font nullfont!
Missing character: There is no e in font nullfont!
! Missing $ inserted.
<inserted text> 
                $
l.17 ...e01da08be340c755195b803e6}{runfile.\+csv}}
                                                  
I've inserted a begin-math/end-math symbol since I think
you left one out. Proceed, with fingers crossed.

! Extra }, or forgotten $.
<argument> ...e_a55fd13ee01da08be340c755195b803e6}
                                                  {runfile.\+csv}
l.17 ...e01da08be340c755195b803e6}{runfile.\+csv}}
                                                  
I've deleted a group-closing symbol because it seems to be
spurious, as in `$x}$'. But perhaps the } is legitimate and
you forgot something else, as in `\hbox{$x}'. In such cases
the way to recover is to insert both the forgotten and the
deleted material, e.g., by typing `I$}'.

! Undefined control sequence.
<argument> ...01da08be340c755195b803e6}{runfile.\+
                                                  csv}
l.17 ...e01da08be340c755195b803e6}{runfile.\+csv}}
                                                  
The control sequence at the end of the top line
of your error message was never \def'ed. If you have
misspelled it (e.g., `\hobx'), type `I' and the correct
spelling (e.g., `I\hbox'). Otherwise just continue,
and I'll forget about whatever was undefined.

! Extra }, or forgotten $.
\mbox  #1->\leavevmode \hbox {#1}
                                 
l.17 ...e01da08be340c755195b803e6}{runfile.\+csv}}
                                                  
I've deleted a group-closing symbol because it seems to be
spurious, as in `$x}$'. But perhaps the } is legitimate and
you forgot something else, as in `\hbox{$x}'. In such cases
the way to recover is to insert both the forgotten and the
deleted material, e.g., by typing `I$}'.


! LaTeX Error: Command \item invalid in math mode.

See the LaTeX manual or LaTeX Companion for explanation.
Type  H <return>  for immediate help.
 ...                                              
                                                  
l.18 \item
          
Try typing  <return>  to proceed.
If that doesn't work, type  X <return>  to quit.

! Missing $ inserted.
<inserted text> 
                $
l.19 \mbox
          {\hyperlink{namespacerunfile_a6bb87043128efe25aa0df41c3e9bce03}{ru...
I've inserted a begin-math/end-math symbol since I think
you left one out. Proceed, with fingers crossed.

! Missing } inserted.
<inserted text> 
                }
l.19 \mbox
          {\hyperlink{namespacerunfile_a6bb87043128efe25aa0df41c3e9bce03}{ru...
I've inserted something that you may have forgotten.
(See the <inserted text> above.)
With luck, this will get me unwedged. But if you
really didn't forget anything, try typing `2' now; then
my insertion and my current dilemma will both disappear.

! Missing } inserted.
<inserted text> 
                }
l.19 \mbox
          {\hyperlink{namespacerunfile_a6bb87043128efe25aa0df41c3e9bce03}{ru...
I've inserted something that you may have forgotten.
(See the <inserted text> above.)
With luck, this will get me unwedged. But if you
really didn't forget anything, try typing `2' now; then
my insertion and my current dilemma will both disappear.


Overfull \hbox (213.81116pt too wide) in paragraph at lines 17--19
[] 
 []


! LaTeX Error: Lonely \item--perhaps a missing list environment.

See the LaTeX manual or LaTeX Companion for explanation.
Type  H <return>  for immediate help.
 ...                                              
                                                  
l.19 \mbox
          {\hyperlink{namespacerunfile_a6bb87043128efe25aa0df41c3e9bce03}{ru...

Try typing  <return>  to proceed.
If that doesn't work, type  X <return>  to quit.

! Undefined control sequence.
<argument> \hyperlink 
                      {namespacerunfile_a6bb87043128efe25aa0df41c3e9bce03}{r...
l.19 ...128efe25aa0df41c3e9bce03}{runfile.\+True}}
                                                  
The control sequence at the end of the top line
of your error message was never \def'ed. If you have
misspelled it (e.g., `\hobx'), type `I' and the correct
spelling (e.g., `I\hbox'). Otherwise just continue,
and I'll forget about whatever was undefined.

Missing character: There is no n in font nullfont!
Missing character: There is no a in font nullfont!
Missing character: There is no m in font nullfont!
Missing character: There is no e in font nullfont!
Missing character: There is no s in font nullfont!
Missing character: There is no p in font nullfont!
Missing character: There is no a in font nullfont!
Missing character: There is no c in font nullfont!
Missing character: There is no e in font nullfont!
Missing character: There is no r in font nullfont!
Missing character: There is no u in font nullfont!
Missing character: There is no n in font nullfont!
Missing character: There is no f in font nullfont!
Missing character: There is no i in font nullfont!
Missing character: There is no l in font nullfont!
Missing character: There is no e in font nullfont!
! Missing $ inserted.
<inserted text> 
                $
l.19 ...128efe25aa0df41c3e9bce03}{runfile.\+True}}
                                                  
I've inserted a begin-math/end-math symbol since I think
you left one out. Proceed, with fingers crossed.

! Extra }, or forgotten $.
<argument> ...e_a6bb87043128efe25aa0df41c3e9bce03}
                                                  {runfile.\+True}
l.19 ...128efe25aa0df41c3e9bce03}{runfile.\+True}}
                                                  
I've deleted a group-closing symbol because it seems to be
spurious, as in `$x}$'. But perhaps the } is legitimate and
you forgot something else, as in `\hbox{$x}'. In such cases
the way to recover is to insert both the forgotten and the
deleted material, e.g., by typing `I$}'.

! Undefined control sequence.
<argument> ...128efe25aa0df41c3e9bce03}{runfile.\+
                                                  True}
l.19 ...128efe25aa0df41c3e9bce03}{runfile.\+True}}
                                                  
The control sequence at the end of the top line
of your error message was never \def'ed. If you have
misspelled it (e.g., `\hobx'), type `I' and the correct
spelling (e.g., `I\hbox'). Otherwise just continue,
and I'll forget about whatever was undefined.

! Extra }, or forgotten $.
\mbox  #1->\leavevmode \hbox {#1}
                                 
l.19 ...128efe25aa0df41c3e9bce03}{runfile.\+True}}
                                                  
I've deleted a group-closing symbol because it seems to be
spurious, as in `$x}$'. But perhaps the } is legitimate and
you forgot something else, as in `\hbox{$x}'. In such cases
the way to recover is to insert both the forgotten and the
deleted material, e.g., by typing `I$}'.


! LaTeX Error: Command \item invalid in math mode.

See the LaTeX manual or LaTeX Companion for explanation.
Type  H <return>  for immediate help.
 ...                                              
                                                  
l.20 \item
          
Try typing  <return>  to proceed.
If that doesn't work, type  X <return>  to quit.

! Missing $ inserted.
<inserted text> 
                $
l.21 \mbox
          {\hyperlink{namespacerunfile_a9e2246ffca37a5c2b913d596d9e55804}{ru...
I've inserted a begin-math/end-math symbol since I think
you left one out. Proceed, with fingers crossed.

! Missing } inserted.
<inserted text> 
                }
l.21 \mbox
          {\hyperlink{namespacerunfile_a9e2246ffca37a5c2b913d596d9e55804}{ru...
I've inserted something that you may have forgotten.
(See the <inserted text> above.)
With luck, this will get me unwedged. But if you
really didn't forget anything, try typing `2' now; then
my insertion and my current dilemma will both disappear.

! Missing } inserted.
<inserted text> 
                }
l.21 \mbox
          {\hyperlink{namespacerunfile_a9e2246ffca37a5c2b913d596d9e55804}{ru...
I've inserted something that you may have forgotten.
(See the <inserted text> above.)
With luck, this will get me unwedged. But if you
really didn't forget anything, try typing `2' now; then
my insertion and my current dilemma will both disappear.


Overfull \hbox (219.99873pt too wide) in paragraph at lines 19--21
[] 
 []


! LaTeX Error: Lonely \item--perhaps a missing list environment.

See the LaTeX manual or LaTeX Companion for explanation.
Type  H <return>  for immediate help.
 ...                                              
                                                  
l.21 \mbox
          {\hyperlink{namespacerunfile_a9e2246ffca37a5c2b913d596d9e55804}{ru...

Try typing  <return>  to proceed.
If that doesn't work, type  X <return>  to quit.

! Undefined control sequence.
<argument> \hyperlink 
                      {namespacerunfile_a9e2246ffca37a5c2b913d596d9e55804}{r...
l.21 ...ca37a5c2b913d596d9e55804}{runfile.\+hdf5}}
                                                  
The control sequence at the end of the top line
of your error message was never \def'ed. If you have
misspelled it (e.g., `\hobx'), type `I' and the correct
spelling (e.g., `I\hbox'). Otherwise just continue,
and I'll forget about whatever was undefined.

Missing character: There is no n in font nullfont!
Missing character: There is no a in font nullfont!
Missing character: There is no m in font nullfont!
Missing character: There is no e in font nullfont!
Missing character: There is no s in font nullfont!
Missing character: There is no p in font nullfont!
Missing character: There is no a in font nullfont!
Missing character: There is no c in font nullfont!
Missing character: There is no e in font nullfont!
Missing character: There is no r in font nullfont!
Missing character: There is no u in font nullfont!
Missing character: There is no n in font nullfont!
Missing character: There is no f in font nullfont!
Missing character: There is no i in font nullfont!
Missing character: There is no l in font nullfont!
Missing character: There is no e in font nullfont!
! Missing $ inserted.
<inserted text> 
                $
l.21 ...ca37a5c2b913d596d9e55804}{runfile.\+hdf5}}
                                                  
I've inserted a begin-math/end-math symbol since I think
you left one out. Proceed, with fingers crossed.

! Extra }, or forgotten $.
<argument> ...e_a9e2246ffca37a5c2b913d596d9e55804}
                                                  {runfile.\+hdf5}
l.21 ...ca37a5c2b913d596d9e55804}{runfile.\+hdf5}}
                                                  
I've deleted a group-closing symbol because it seems to be
spurious, as in `$x}$'. But perhaps the } is legitimate and
you forgot something else, as in `\hbox{$x}'. In such cases
the way to recover is to insert both the forgotten and the
deleted material, e.g., by typing `I$}'.

! Undefined control sequence.
<argument> ...ca37a5c2b913d596d9e55804}{runfile.\+
                                                  hdf5}
l.21 ...ca37a5c2b913d596d9e55804}{runfile.\+hdf5}}
                                                  
The control sequence at the end of the top line
of your error message was never \def'ed. If you have
misspelled it (e.g., `\hobx'), type `I' and the correct
spelling (e.g., `I\hbox'). Otherwise just continue,
and I'll forget about whatever was undefined.

! Extra }, or forgotten $.
\mbox  #1->\leavevmode \hbox {#1}
                                 
l.21 ...ca37a5c2b913d596d9e55804}{runfile.\+hdf5}}
                                                  
I've deleted a group-closing symbol because it seems to be
spurious, as in `$x}$'. But perhaps the } is legitimate and
you forgot something else, as in `\hbox{$x}'. In such cases
the way to recover is to insert both the forgotten and the
deleted material, e.g., by typing `I$}'.


! LaTeX Error: \begin{document} ended by \end{DoxyCompactItemize}.

See the LaTeX manual or LaTeX Companion for explanation.
Type  H <return>  for immediate help.
 ...                                              
                                                  
l.22 \end{DoxyCompactItemize}
                             
Your command was ignored.
Type  I <command> <return>  to replace it with another command,
or  <return>  to continue without it.

! Missing $ inserted.
<inserted text> 
                $
l.22 \end{DoxyCompactItemize}
                             
I've inserted something that you may have forgotten.
(See the <inserted text> above.)
With luck, this will get me unwedged. But if you
really didn't forget anything, try typing `2' now; then
my insertion and my current dilemma will both disappear.

! Missing } inserted.
<inserted text> 
                }
l.22 \end{DoxyCompactItemize}
                             
I've inserted something that you may have forgotten.
(See the <inserted text> above.)
With luck, this will get me unwedged. But if you
really didn't forget anything, try typing `2' now; then
my insertion and my current dilemma will both disappear.

! Missing } inserted.
<inserted text> 
                }
l.22 \end{DoxyCompactItemize}
                             
I've inserted something that you may have forgotten.
(See the <inserted text> above.)
With luck, this will get me unwedged. But if you
really didn't forget anything, try typing `2' now; then
my insertion and my current dilemma will both disappear.

)
! Emergency stop.
<*> ./runfile_8py.tex
                     
*** (job aborted, no legal \end found)

 
Here is how much of TeX's memory you used:
 47 strings out of 473682
 1000 string characters out of 5719215
 391722 words of memory out of 5000000
 23227 multiletter control sequences out of 15000+600000
 558404 words of font info for 37 fonts, out of 8000000 for 9000
 1141 hyphenation exceptions out of 8191
 22i,6n,26p,415b,135s stack positions out of 10000i,1000n,20000p,200000b,200000s
!  ==> Fatal error occurred, no output PDF file produced!
